<?xml version="1.0" encoding="UTF-8"?>
<!-- Generated by org.testng.reporters.JUnitXMLReporter -->
<testsuite ignored="10" hostname="TanmayPanda" failures="0" tests="7" name="Test" time="178.179" errors="0" timestamp="22 Jan 2025 10:42:01 GMT">
  <testcase classname="com.comcast.crm.contacttest.CreateContactTest" name="CreateContactTestUsingBaseClas" time="13.75"/>
  <testcase classname="com.comcast.crm.contacttest.CreateContactTest" name="CreateContactwithOrgTest" time="26.112"/>
  <testcase classname="com.comcast.crm.contacttest.CreateContactwithOrgTest" name="CreateContactwithOrgTest" time="26.445"/>
  <testcase classname="com.comcast.crm.contacttest.CreateContactwithSupportDateTest" name="CreateContactwithSupportDateTest" time="13.719"/>
  <testcase classname="com.comcast.crm.contacttest.CreateOrgTestUsingBaseClassTest" name="createOrgTest" time="13.821"/>
  <testcase classname="com.comcast.crm.contacttest.createOrgTestWithIndustryTest" name="createOrgTestWithIndustry" time="13.227"/>
  <testcase classname="com.comcast.crm.contacttest.createOrgTestWithPhoneNumberTest" name="createOrgTestWithPhoneNumber" time="14.612"/>
  <testcase classname="com.comcast.crm.basetest.BaseClass" name="@BeforeSuite configBS" time="0.0">
    <ignored/>
  </testcase> <!-- @BeforeSuite configBS -->
  <testcase classname="com.comcast.crm.basetest.BaseClass" name="@BeforeSuite configBS" time="0.0">
    <ignored/>
  </testcase> <!-- @BeforeSuite configBS -->
  <testcase classname="com.comcast.crm.basetest.BaseClass" name="@BeforeSuite configBS" time="0.0">
    <ignored/>
  </testcase> <!-- @BeforeSuite configBS -->
  <testcase classname="com.comcast.crm.basetest.BaseClass" name="@BeforeSuite configBS" time="0.0">
    <ignored/>
  </testcase> <!-- @BeforeSuite configBS -->
  <testcase classname="com.comcast.crm.basetest.BaseClass" name="@BeforeSuite configBS" time="0.0">
    <ignored/>
  </testcase> <!-- @BeforeSuite configBS -->
  <testcase classname="com.comcast.crm.basetest.BaseClass" name="@AfterSuite configAS" time="0.0">
    <ignored/>
  </testcase> <!-- @AfterSuite configAS -->
  <testcase classname="com.comcast.crm.basetest.BaseClass" name="@AfterSuite configAS" time="0.0">
    <ignored/>
  </testcase> <!-- @AfterSuite configAS -->
  <testcase classname="com.comcast.crm.basetest.BaseClass" name="@AfterSuite configAS" time="0.0">
    <ignored/>
  </testcase> <!-- @AfterSuite configAS -->
  <testcase classname="com.comcast.crm.basetest.BaseClass" name="@AfterSuite configAS" time="0.0">
    <ignored/>
  </testcase> <!-- @AfterSuite configAS -->
  <testcase classname="com.comcast.crm.basetest.BaseClass" name="@AfterSuite configAS" time="0.0">
    <ignored/>
  </testcase> <!-- @AfterSuite configAS -->
</testsuite> <!-- Test -->
